
/nfc/SLD:
2023-03-07 13:22:03
{"Status": "IN", "UID": [4, 30, 168, 66, 239, 108, 129], "baia": 0, "Time_stamp": "13:22:03"}

/nfc/SLD:
2023-03-07 13:22:35
{"Status": "IN", "UID": [4, 37, 166, 66, 239, 108, 128], "baia": 3, "Time_stamp": "13:22:36"}

/nfc/SLD:
2023-03-07 13:22:44
{"Status": "IN", "UID": [4, 120, 167, 66, 239, 108, 128], "baia": 6, "Time_stamp": "13:22:45"}

/nfc/SLD:
2023-03-07 13:24:10
{"Status": "OUT", "UID": [4, 30, 168, 66, 239, 108, 129], "Time_stamp": "13:24:10", "RESULT": "NOK"}

/nfc/SLD:
2023-03-07 13:24:38
{"Status": "OUT", "UID": [4, 37, 166, 66, 239, 108, 128], "Time_stamp": "13:24:38", "RESULT": "OK"}

/nfc/SLD:
2023-03-07 13:25:01
{"Status": "OUT", "UID": [4, 120, 167, 66, 239, 108, 128], "Time_stamp": "13:25:01", "RESULT": "NOK"}

/nfc/SLD:
2023-03-07 13:27:08
{"Status": "IN", "UID": [4, 192, 168, 66, 239, 108, 128], "baia": 0, "Time_stamp": "13:27:09"}

/nfc/SLD:
2023-03-07 13:28:42
{"Status": "IN", "UID": [4, 145, 168, 66, 239, 108, 129], "baia": 3, "Time_stamp": "13:28:42"}

/nfc/SLD:
2023-03-07 13:29:34
{"Status": "IN", "UID": [4, 31, 168, 66, 239, 108, 129], "baia": 6, "Time_stamp": "13:29:34"}

/nfc/SLD:
2023-03-07 13:30:00
{"Status": "OUT", "UID": [4, 192, 168, 66, 239, 108, 128], "Time_stamp": "13:30:01", "RESULT": "OK"}

/nfc/SLD:
2023-03-07 13:30:34
{"Status": "IN", "UID": [4, 145, 168, 66, 239, 108, 128], "baia": 0, "Time_stamp": "13:30:34"}

/nfc/SLD:
2023-03-07 13:31:19
{"Status": "OUT", "UID": [4, 145, 168, 66, 239, 108, 129], "Time_stamp": "13:31:19", "RESULT": "OK"}

/nfc/SLD:
2023-03-07 13:31:38
{"Status": "OUT", "UID": [4, 31, 168, 66, 239, 108, 129], "Time_stamp": "13:31:38", "RESULT": "OK"}

/nfc/SLD:
2023-03-07 13:31:50
{"Status": "IN", "UID": [4, 201, 220, 42, 45, 16, 144], "baia": 3, "Time_stamp": "13:31:51"}

/nfc/SLD:
2023-03-07 13:32:47
{"Status": "OUT", "UID": [4, 145, 168, 66, 239, 108, 128], "Time_stamp": "13:32:48", "RESULT": "NOK"}

/nfc/SLD:
2023-03-07 13:33:16
{"Status": "IN", "UID": [4, 120, 167, 66, 239, 108, 128], "baia": 0, "Time_stamp": "13:33:16"}

/nfc/SLD:
2023-03-07 13:33:53
{"Status": "OUT", "UID": [4, 201, 220, 42, 45, 16, 144], "Time_stamp": "13:33:53", "RESULT": "OK"}

/nfc/SLD:
2023-03-07 13:36:37
{"Status": "OUT", "UID": 0, "Time_stamp": "13:36:37", "RESULT": "OK"}
