
/nfc/MPO:
2023-03-07 13:20:44
{"Status": "IN", "UID": [4, 145, 168, 66, 239, 108, 128], "Time_stamp": "13:20:45"}

/nfc/MPO:
2023-03-07 13:20:57
{"Status": "OUT", "UID": [4, 145, 168, 66, 239, 108, 128], "RESULT": "NOK", "Time_stamp": "13:20:58"}

/nfc/MPO:
2023-03-07 13:21:42
{"Status": "IN", "UID": [4, 192, 168, 66, 239, 108, 128], "Time_stamp": "13:21:43"}

/nfc/MPO:
2023-03-07 13:21:55
{"Status": "OUT", "UID": [4, 192, 168, 66, 239, 108, 128], "RESULT": "NOK", "Time_stamp": "13:21:56"}

/nfc/MPO:
2023-03-07 13:23:10
{"Status": "IN", "UID": [4, 145, 168, 66, 239, 108, 128], "Time_stamp": "13:23:10"}

/nfc/MPO:
2023-03-07 13:23:23
{"Status": "OUT", "UID": [4, 145, 168, 66, 239, 108, 128], "RESULT": "NOK", "Time_stamp": "13:23:23"}

/nfc/MPO:
2023-03-07 13:26:23
{"Status": "IN", "UID": [4, 192, 168, 66, 239, 108, 128], "Time_stamp": "13:26:23"}

/nfc/MPO:
2023-03-07 13:26:36
{"Status": "OUT", "UID": [4, 192, 168, 66, 239, 108, 128], "RESULT": "OK", "Time_stamp": "13:26:37"}

/nfc/MPO:
2023-03-07 13:27:58
{"Status": "IN", "UID": [4, 145, 168, 66, 239, 108, 129], "Time_stamp": "13:27:58"}

/nfc/MPO:
2023-03-07 13:28:14
{"Status": "OUT", "UID": [4, 145, 168, 66, 239, 108, 129], "RESULT": "OK", "Time_stamp": "13:28:14"}

/nfc/MPO:
2023-03-07 13:28:46
{"Status": "IN", "UID": [4, 31, 168, 66, 239, 108, 129], "Time_stamp": "13:28:46"}

/nfc/MPO:
2023-03-07 13:28:57
{"Status": "OUT", "UID": [4, 31, 168, 66, 239, 108, 129], "RESULT": "OK", "Time_stamp": "13:28:58"}

/nfc/MPO:
2023-03-07 13:29:52
{"Status": "IN", "UID": [4, 145, 168, 66, 239, 108, 128], "Time_stamp": "13:29:53"}

/nfc/MPO:
2023-03-07 13:30:04
{"Status": "OUT", "UID": [4, 145, 168, 66, 239, 108, 128], "RESULT": "OK", "Time_stamp": "13:30:05"}

/nfc/MPO:
2023-03-07 13:31:12
{"Status": "IN", "UID": [4, 201, 220, 42, 45, 16, 144], "Time_stamp": "13:31:12"}

/nfc/MPO:
2023-03-07 13:31:24
{"Status": "OUT", "UID": [4, 201, 220, 42, 45, 16, 144], "RESULT": "OK", "Time_stamp": "13:31:25"}

/nfc/MPO:
2023-03-07 13:32:30
{"Status": "IN", "UID": [4, 120, 167, 66, 239, 108, 128], "Time_stamp": "13:32:31"}

/nfc/MPO:
2023-03-07 13:32:43
{"Status": "OUT", "UID": [4, 120, 167, 66, 239, 108, 128], "RESULT": "OK", "Time_stamp": "13:32:43"}
