
/nfc/MPO:
2023-03-06 08:37:51
{"Status": "IN", "UID": [4, 145, 168, 66, 239, 108, 129], "Time_stamp": "18:17:48"}

/nfc/MPO:
2023-03-06 11:16:16
{"Status": "IN", "UID": [4, 201, 220, 42, 45, 16, 144], "Time_stamp": "11:16:16"}

/nfc/MPO:
2023-03-06 11:20:55
{"Status": "IN", "UID": [4, 145, 168, 66, 239, 108, 128], "Time_stamp": "11:20:55"}

/nfc/MPO:
2023-03-06 11:20:57
{"Status": "OUT", "UID": [4, 145, 168, 66, 239, 108, 128], "RESULT": "NOK", "Time_stamp": "11:20:57"}

/nfc/MPO:
2023-03-06 11:21:00
{"Status": "IN", "UID": [4, 145, 168, 66, 239, 108, 128], "Time_stamp": "11:21:00"}

/nfc/MPO:
2023-03-06 11:21:03
{"Status": "OUT", "UID": [4, 145, 168, 66, 239, 108, 128], "RESULT": "NOK", "Time_stamp": "11:21:03"}

/nfc/MPO:
2023-03-06 11:21:06
{"Status": "IN", "UID": [4, 145, 168, 66, 239, 108, 128], "Time_stamp": "11:21:06"}

/nfc/MPO:
2023-03-06 11:21:08
{"Status": "OUT", "UID": [4, 145, 168, 66, 239, 108, 128], "RESULT": "NOK", "Time_stamp": "11:21:08"}

/nfc/MPO:
2023-03-06 11:23:40
{"Status": "IN", "UID": [4, 145, 168, 66, 239, 108, 128], "Time_stamp": "11:23:40"}

/nfc/MPO:
2023-03-06 11:26:30
{"Status": "IN", "UID": [4, 30, 168, 66, 239, 108, 129], "Time_stamp": "11:26:30"}

/nfc/MPO:
2023-03-06 11:34:50
{"Status": "IN", "UID": [4, 201, 220, 42, 45, 16, 144], "Time_stamp": "11:34:50"}

/nfc/MPO:
2023-03-06 11:36:27
{"Status": "IN", "UID": [4, 145, 168, 66, 239, 108, 129], "Time_stamp": "11:36:27"}

/nfc/MPO:
2023-03-06 11:46:43
{"Status": "IN", "UID": [4, 145, 168, 66, 239, 108, 128], "Time_stamp": "11:46:43"}

/nfc/MPO:
2023-03-06 11:51:59
{"Status": "IN", "UID": [4, 145, 168, 66, 239, 108, 128], "Time_stamp": "11:51:59"}

/nfc/MPO:
2023-03-06 12:00:34
{"Status": "IN", "UID": [4, 145, 168, 66, 239, 108, 128], "Time_stamp": "12:00:34"}

/nfc/MPO:
2023-03-06 12:01:55
{"Status": "OUT", "UID": [4, 37, 166, 66, 239, 108, 128], "RESULT": null, "Time_stamp": "12:01:55"}

/nfc/MPO:
2023-03-06 12:08:59
{"Status": "IN", "UID": [4, 145, 168, 66, 239, 108, 128], "Time_stamp": "12:08:59"}

/nfc/MPO:
2023-03-06 12:11:31
{"Status": "OUT", "UID": [4, 145, 168, 66, 239, 108, 128], "RESULT": null, "Time_stamp": "12:11:31"}

/nfc/MPO:
2023-03-06 12:11:46
{"Status": "IN", "UID": [4, 145, 168, 66, 239, 108, 128], "Time_stamp": "12:11:46"}

/nfc/MPO:
2023-03-06 12:13:35
{"Status": "IN", "UID": [4, 145, 168, 66, 239, 108, 128], "Time_stamp": "12:13:35"}

/nfc/MPO:
2023-03-06 12:16:13
{"Status": "IN", "UID": [4, 192, 168, 66, 239, 108, 128], "Time_stamp": "12:16:13"}

/nfc/MPO:
2023-03-06 12:16:32
{"Status": "OUT", "UID": [4, 192, 168, 66, 239, 108, 128], "RESULT": "NOK", "Time_stamp": "12:16:31"}

/nfc/MPO:
2023-03-06 12:17:34
{"Status": "IN", "UID": [4, 37, 166, 66, 239, 108, 128], "Time_stamp": "12:17:34"}

/nfc/MPO:
2023-03-06 12:17:47
{"Status": "OUT", "UID": [4, 37, 166, 66, 239, 108, 128], "RESULT": "NOK", "Time_stamp": "12:17:46"}

/nfc/MPO:
2023-03-06 12:17:49
{"Status": "IN", "UID": [4, 37, 166, 66, 239, 108, 128], "Time_stamp": "12:17:49"}

/nfc/MPO:
2023-03-06 12:17:51
{"Status": "OUT", "UID": [4, 37, 166, 66, 239, 108, 128], "RESULT": "NOK", "Time_stamp": "12:17:51"}

/nfc/MPO:
2023-03-06 12:18:17
{"Status": "IN", "UID": [4, 37, 166, 66, 239, 108, 128], "Time_stamp": "12:18:17"}

/nfc/MPO:
2023-03-06 12:18:46
{"Status": "IN", "UID": [4, 37, 166, 66, 239, 108, 128], "Time_stamp": "12:18:46"}

/nfc/MPO:
2023-03-06 12:18:57
{"Status": "OUT", "UID": [4, 30, 168, 66, 239, 108, 129], "RESULT": "NOK", "Time_stamp": "12:18:57"}

/nfc/MPO:
2023-03-06 12:19:00
{"Status": "IN", "UID": [4, 37, 166, 66, 239, 108, 128], "Time_stamp": "12:19:00"}

/nfc/MPO:
2023-03-06 12:20:56
{"Status": "IN", "UID": [4, 145, 168, 66, 239, 108, 128], "Time_stamp": "12:20:56"}

/nfc/MPO:
2023-03-06 12:21:17
{"Status": "IN", "UID": [4, 145, 168, 66, 239, 108, 128], "Time_stamp": "12:21:17"}

/nfc/MPO:
2023-03-06 12:21:30
{"Status": "OUT", "UID": [4, 145, 168, 66, 239, 108, 128], "RESULT": "NOK", "Time_stamp": "12:21:30"}

/nfc/MPO:
2023-03-06 12:23:57
{"Status": "IN", "UID": [4, 31, 168, 66, 239, 108, 129], "Time_stamp": "12:23:57"}

/nfc/MPO:
2023-03-06 12:24:10
{"Status": "OUT", "UID": [4, 31, 168, 66, 239, 108, 129], "RESULT": "NOK", "Time_stamp": "12:24:10"}

/nfc/MPO:
2023-03-06 15:01:33
{"Status": "IN", "UID": [4, 37, 166, 66, 239, 108, 128], "Time_stamp": "15:01:33"}

/nfc/MPO:
2023-03-06 15:01:46
{"Status": "OUT", "UID": [4, 37, 166, 66, 239, 108, 128], "RESULT": "NOK", "Time_stamp": "15:01:46"}

/nfc/MPO:
2023-03-06 15:02:32
{"Status": "IN", "UID": [4, 120, 167, 66, 239, 108, 128], "Time_stamp": "15:02:32"}

/nfc/MPO:
2023-03-06 15:03:31
{"Status": "OUT", "UID": [4, 31, 168, 66, 239, 108, 129], "RESULT": null, "Time_stamp": "15:03:30"}

/nfc/MPO:
2023-03-06 15:04:32
{"Status": "IN", "UID": [4, 201, 220, 42, 45, 16, 144], "Time_stamp": "15:04:32"}

/nfc/MPO:
2023-03-06 15:06:04
{"Status": "OUT", "UID": [4, 120, 167, 66, 239, 108, 128], "RESULT": null, "Time_stamp": "15:06:04"}

/nfc/MPO:
2023-03-06 15:06:53
{"Status": "IN", "UID": [4, 120, 167, 66, 239, 108, 128], "Time_stamp": "15:06:53"}

/nfc/MPO:
2023-03-06 15:08:04
{"Status": "OUT", "UID": [4, 30, 168, 66, 239, 108, 129], "RESULT": null, "Time_stamp": "15:08:04"}

/nfc/MPO:
2023-03-06 15:16:29
{"Status": "IN", "UID": [4, 30, 168, 66, 239, 108, 129], "Time_stamp": "15:16:29"}

/nfc/MPO:
2023-03-06 15:16:42
{"Status": "OUT", "UID": [4, 30, 168, 66, 239, 108, 129], "RESULT": "NOK", "Time_stamp": "15:16:42"}

/nfc/MPO:
2023-03-06 15:17:19
{"Status": "IN", "UID": [4, 31, 168, 66, 239, 108, 129], "Time_stamp": "15:17:19"}

/nfc/MPO:
2023-03-06 15:17:32
{"Status": "OUT", "UID": [4, 31, 168, 66, 239, 108, 129], "RESULT": "NOK", "Time_stamp": "15:17:32"}

/nfc/MPO:
2023-03-06 15:17:47
{"Status": "IN", "UID": [4, 145, 168, 66, 239, 108, 128], "Time_stamp": "15:17:47"}

/nfc/MPO:
2023-03-06 15:17:59
{"Status": "OUT", "UID": [4, 145, 168, 66, 239, 108, 128], "RESULT": "NOK", "Time_stamp": "15:17:59"}

/nfc/MPO:
2023-03-06 15:19:48
{"Status": "IN", "UID": [4, 30, 168, 66, 239, 108, 129], "Time_stamp": "15:19:48"}

/nfc/MPO:
2023-03-06 15:20:00
{"Status": "OUT", "UID": [4, 30, 168, 66, 239, 108, 129], "RESULT": "OK", "Time_stamp": "15:20:00"}
