
/nfc/SLD:
2023-03-06 11:16:06
{"Status": "IN", "UID": [4, 30, 168, 66, 239, 108, 129], "baia": 2, "Time_stamp": "11:16:06"}

/nfc/SLD:
2023-03-06 11:20:54
{"Status": "OUT", "UID": 0, "Time_stamp": "11:20:54", "RESULT": null}

/nfc/SLD:
2023-03-06 11:20:57
{"Status": "OUT", "UID": 0, "Time_stamp": "11:20:57", "RESULT": null}

/nfc/SLD:
2023-03-06 11:20:59
{"Status": "OUT", "UID": 0, "Time_stamp": "11:20:59", "RESULT": null}

/nfc/SLD:
2023-03-06 11:21:02
{"Status": "OUT", "UID": 0, "Time_stamp": "11:21:02", "RESULT": null}

/nfc/SLD:
2023-03-06 11:21:05
{"Status": "OUT", "UID": 0, "Time_stamp": "11:21:05", "RESULT": null}

/nfc/SLD:
2023-03-06 11:21:08
{"Status": "OUT", "UID": 0, "Time_stamp": "11:21:08", "RESULT": null}

/nfc/SLD:
2023-03-06 11:21:10
{"Status": "OUT", "UID": 0, "Time_stamp": "11:21:10", "RESULT": null}

/nfc/SLD:
2023-03-06 11:21:12
{"Status": "OUT", "UID": 0, "Time_stamp": "11:21:12", "RESULT": null}

/nfc/SLD:
2023-03-06 11:21:13
{"Status": "OUT", "UID": 0, "Time_stamp": "11:21:13", "RESULT": null}

/nfc/SLD:
2023-03-06 11:21:21
{"Status": "OUT", "UID": 0, "Time_stamp": "11:21:21", "RESULT": null}

/nfc/SLD:
2023-03-06 11:21:23
{"Status": "OUT", "UID": 0, "Time_stamp": "11:21:23", "RESULT": null}

/nfc/SLD:
2023-03-06 11:21:24
{"Status": "OUT", "UID": 0, "Time_stamp": "11:21:24", "RESULT": null}

/nfc/SLD:
2023-03-06 11:21:25
{"Status": "OUT", "UID": 0, "Time_stamp": "11:21:25", "RESULT": null}

/nfc/SLD:
2023-03-06 11:21:27
{"Status": "OUT", "UID": 0, "Time_stamp": "11:21:27", "RESULT": null}

/nfc/SLD:
2023-03-06 11:21:29
{"Status": "OUT", "UID": 0, "Time_stamp": "11:21:28", "RESULT": null}

/nfc/SLD:
2023-03-06 11:21:30
{"Status": "OUT", "UID": 0, "Time_stamp": "11:21:30", "RESULT": null}

/nfc/SLD:
2023-03-06 11:21:32
{"Status": "OUT", "UID": 0, "Time_stamp": "11:21:32", "RESULT": null}

/nfc/SLD:
2023-03-06 11:21:33
{"Status": "OUT", "UID": 0, "Time_stamp": "11:21:33", "RESULT": null}

/nfc/SLD:
2023-03-06 11:21:35
{"Status": "OUT", "UID": 0, "Time_stamp": "11:21:35", "RESULT": null}

/nfc/SLD:
2023-03-06 11:21:36
{"Status": "OUT", "UID": 0, "Time_stamp": "11:21:36", "RESULT": null}

/nfc/SLD:
2023-03-06 11:21:38
{"Status": "OUT", "UID": 0, "Time_stamp": "11:21:38", "RESULT": null}

/nfc/SLD:
2023-03-06 11:21:39
{"Status": "OUT", "UID": 0, "Time_stamp": "11:21:39", "RESULT": null}

/nfc/SLD:
2023-03-06 11:26:34
{"Status": "IN", "UID": [4, 30, 168, 66, 239, 108, 129], "baia": 2, "Time_stamp": "11:26:34"}

/nfc/SLD:
2023-03-06 11:35:00
{"Status": "IN", "UID": [4, 201, 220, 42, 45, 16, 144], "baia": 2, "Time_stamp": "11:35:00"}

/nfc/SLD:
2023-03-06 11:35:07
{"Status": "IN", "UID": [4, 201, 220, 42, 45, 16, 144], "baia": 2, "Time_stamp": "11:35:07"}

/nfc/SLD:
2023-03-06 11:36:07
{"Status": "IN", "UID": [4, 120, 167, 66, 239, 108, 128], "baia": 2, "Time_stamp": "11:36:07"}

/nfc/SLD:
2023-03-06 11:36:16
{"Status": "IN", "UID": [4, 192, 168, 66, 239, 108, 128], "baia": 0, "Time_stamp": "11:36:16"}

/nfc/SLD:
2023-03-06 11:36:34
{"Status": "IN", "UID": [4, 37, 166, 66, 239, 108, 128], "baia": 0, "Time_stamp": "11:36:34"}

/nfc/SLD:
2023-03-06 11:40:49
{"Status": "IN", "UID": [4, 145, 168, 66, 239, 108, 128], "baia": 0, "Time_stamp": "11:40:49"}

/nfc/SLD:
2023-03-06 11:40:57
{"Status": "IN", "UID": [4, 120, 167, 66, 239, 108, 128], "baia": 3, "Time_stamp": "11:40:57"}

/nfc/SLD:
2023-03-06 11:41:09
{"Status": "IN", "UID": [4, 145, 168, 66, 239, 108, 129], "baia": 6, "Time_stamp": "11:41:09"}

/nfc/SLD:
2023-03-06 11:41:15
{"Status": "IN", "UID": [4, 192, 168, 66, 239, 108, 128], "baia": 1, "Time_stamp": "11:41:15"}

/nfc/SLD:
2023-03-06 11:41:24
{"Status": "IN", "UID": [4, 37, 166, 66, 239, 108, 128], "baia": 4, "Time_stamp": "11:41:24"}

/nfc/SLD:
2023-03-06 11:42:52
{"Status": "OUT", "UID": [4, 145, 168, 66, 239, 108, 128], "Time_stamp": "11:42:52", "RESULT": "NOK"}

/nfc/SLD:
2023-03-06 11:44:16
{"Status": "OUT", "UID": [4, 145, 168, 66, 239, 108, 129], "Time_stamp": "11:44:16", "RESULT": "NOK"}

/nfc/SLD:
2023-03-06 11:51:41
{"Status": "IN", "UID": [4, 192, 168, 66, 239, 108, 128], "baia": 0, "Time_stamp": "11:51:41"}

/nfc/SLD:
2023-03-06 11:51:48
{"Status": "IN", "UID": [4, 145, 168, 66, 239, 108, 129], "baia": 3, "Time_stamp": "11:51:48"}

/nfc/SLD:
2023-03-06 11:51:56
{"Status": "IN", "UID": [4, 120, 167, 66, 239, 108, 128], "baia": 6, "Time_stamp": "11:51:56"}

/nfc/SLD:
2023-03-06 11:52:48
{"Status": "OUT", "UID": [4, 192, 168, 66, 239, 108, 128], "Time_stamp": "11:52:48", "RESULT": "NOK"}

/nfc/SLD:
2023-03-06 11:53:17
{"Status": "OUT", "UID": [4, 145, 168, 66, 239, 108, 129], "Time_stamp": "11:53:17", "RESULT": "OK"}

/nfc/SLD:
2023-03-06 11:53:39
{"Status": "OUT", "UID": [4, 120, 167, 66, 239, 108, 128], "Time_stamp": "11:53:38", "RESULT": "NOK"}

/nfc/SLD:
2023-03-06 11:55:06
{"Status": "IN", "UID": [4, 31, 168, 66, 239, 108, 129], "baia": 0, "Time_stamp": "11:55:06"}

/nfc/SLD:
2023-03-06 11:55:15
{"Status": "IN", "UID": [4, 30, 168, 66, 239, 108, 129], "baia": 3, "Time_stamp": "11:55:15"}

/nfc/SLD:
2023-03-06 11:55:38
{"Status": "OUT", "UID": [4, 31, 168, 66, 239, 108, 129], "Time_stamp": "11:55:38", "RESULT": "NOK"}

/nfc/SLD:
2023-03-06 11:56:05
{"Status": "OUT", "UID": [4, 30, 168, 66, 239, 108, 129], "Time_stamp": "11:56:05", "RESULT": "OK"}

/nfc/SLD:
2023-03-06 11:58:29
{"Status": "IN", "UID": [4, 30, 168, 66, 239, 108, 129], "baia": 0, "Time_stamp": "11:58:29"}

/nfc/SLD:
2023-03-06 11:58:41
{"Status": "IN", "UID": [4, 31, 168, 66, 239, 108, 129], "baia": 3, "Time_stamp": "11:58:41"}

/nfc/SLD:
2023-03-06 11:59:02
{"Status": "OUT", "UID": [4, 30, 168, 66, 239, 108, 129], "Time_stamp": "11:59:02", "RESULT": "NOK"}

/nfc/SLD:
2023-03-06 11:59:38
{"Status": "OUT", "UID": [4, 31, 168, 66, 239, 108, 129], "Time_stamp": "11:59:38", "RESULT": "OK"}

/nfc/SLD:
2023-03-06 12:22:12
{"Status": "IN", "UID": [4, 30, 168, 66, 239, 108, 129], "baia": 0, "Time_stamp": "12:22:12"}

/nfc/SLD:
2023-03-06 12:22:19
{"Status": "IN", "UID": [4, 201, 220, 42, 45, 16, 144], "baia": 3, "Time_stamp": "12:22:19"}

/nfc/SLD:
2023-03-06 12:22:45
{"Status": "OUT", "UID": [4, 30, 168, 66, 239, 108, 129], "Time_stamp": "12:22:45", "RESULT": "NOK"}

/nfc/SLD:
2023-03-06 12:23:14
{"Status": "OUT", "UID": [4, 201, 220, 42, 45, 16, 144], "Time_stamp": "12:23:14", "RESULT": "OK"}

/nfc/SLD:
2023-03-06 15:04:36
{"Status": "IN", "UID": [4, 31, 168, 66, 239, 108, 129], "baia": 0, "Time_stamp": "15:04:36"}

/nfc/SLD:
2023-03-06 15:08:47
{"Status": "IN", "UID": [4, 145, 168, 66, 239, 108, 128], "baia": 0, "Time_stamp": "15:08:47"}

/nfc/SLD:
2023-03-06 15:09:02
{"Status": "IN", "UID": [4, 30, 168, 66, 239, 108, 129], "baia": 6, "Time_stamp": "15:09:02"}

/nfc/SLD:
2023-03-06 15:09:08
{"Status": "IN", "UID": [4, 37, 166, 66, 239, 108, 128], "baia": 1, "Time_stamp": "15:09:08"}

/nfc/SLD:
2023-03-06 15:09:15
{"Status": "IN", "UID": [4, 145, 168, 66, 239, 108, 129], "baia": 4, "Time_stamp": "15:09:15"}

/nfc/SLD:
2023-03-06 15:09:42
{"Status": "IN", "UID": [4, 31, 168, 66, 239, 108, 129], "baia": 7, "Time_stamp": "15:09:42"}

/nfc/SLD:
2023-03-06 15:09:48
{"Status": "IN", "UID": [4, 201, 220, 42, 45, 16, 144], "baia": 2, "Time_stamp": "15:09:48"}

/nfc/SLD:
2023-03-06 15:09:57
{"Status": "IN", "UID": [4, 120, 167, 66, 239, 108, 128], "baia": 5, "Time_stamp": "15:09:57"}

/nfc/SLD:
2023-03-06 15:10:50
{"Status": "OUT", "UID": [4, 145, 168, 66, 239, 108, 128], "Time_stamp": "15:10:50", "RESULT": "NOK"}

/nfc/SLD:
2023-03-06 15:11:24
{"Status": "OUT", "UID": 0, "Time_stamp": "15:11:24", "RESULT": "OK"}

/nfc/SLD:
2023-03-06 15:11:46
{"Status": "OUT", "UID": [4, 30, 168, 66, 239, 108, 129], "Time_stamp": "15:11:46", "RESULT": "NOK"}

/nfc/SLD:
2023-03-06 15:12:12
{"Status": "OUT", "UID": [4, 37, 166, 66, 239, 108, 128], "Time_stamp": "15:12:12", "RESULT": "OK"}

/nfc/SLD:
2023-03-06 15:12:32
{"Status": "OUT", "UID": [4, 145, 168, 66, 239, 108, 129], "Time_stamp": "15:12:32", "RESULT": "OK"}

/nfc/SLD:
2023-03-06 15:12:50
{"Status": "OUT", "UID": [4, 31, 168, 66, 239, 108, 129], "Time_stamp": "15:12:50", "RESULT": "OK"}

/nfc/SLD:
2023-03-06 15:14:21
{"Status": "OUT", "UID": [4, 201, 220, 42, 45, 16, 144], "Time_stamp": "15:14:21", "RESULT": "NOK"}

/nfc/SLD:
2023-03-06 15:14:55
{"Status": "OUT", "UID": [4, 120, 167, 66, 239, 108, 128], "Time_stamp": "15:14:55", "RESULT": "OK"}

/nfc/SLD:
2023-03-06 15:20:25
{"Status": "IN", "UID": [4, 30, 168, 66, 239, 108, 129], "baia": 0, "Time_stamp": "15:20:25"}
