
/nfc/MPO:
2023-03-07 13:10:59
{"Status": "OUT", "UID": [4, 30, 168, 66, 239, 108, 129], "RESULT": "OK", "Time_stamp": "15:20:00"}

/nfc/MPO:
2023-03-07 13:11:35
{"Status": "IN", "UID": [4, 201, 220, 42, 45, 16, 144], "Time_stamp": "13:11:36"}

/nfc/MPO:
2023-03-07 13:11:48
{"Status": "OUT", "UID": [4, 201, 220, 42, 45, 16, 144], "RESULT": "NOK", "Time_stamp": "13:11:48"}

/nfc/MPO:
2023-03-07 13:12:33
{"Status": "IN", "UID": [4, 31, 168, 66, 239, 108, 129], "Time_stamp": "13:12:33"}

/nfc/MPO:
2023-03-07 13:12:46
{"Status": "OUT", "UID": [4, 31, 168, 66, 239, 108, 129], "RESULT": "NOK", "Time_stamp": "13:12:46"}

/nfc/MPO:
2023-03-07 13:13:26
{"Status": "IN", "UID": [4, 145, 168, 66, 239, 108, 129], "Time_stamp": "13:13:27"}

/nfc/MPO:
2023-03-07 13:13:39
{"Status": "OUT", "UID": [4, 145, 168, 66, 239, 108, 129], "RESULT": "NOK", "Time_stamp": "13:13:39"}

/nfc/MPO:
2023-03-07 13:14:19
{"Status": "IN", "UID": [4, 120, 167, 66, 239, 108, 128], "Time_stamp": "13:14:20"}

/nfc/MPO:
2023-03-07 13:14:32
{"Status": "OUT", "UID": [4, 120, 167, 66, 239, 108, 128], "RESULT": "OK", "Time_stamp": "13:14:33"}

/nfc/MPO:
2023-03-07 13:15:04
{"Status": "IN", "UID": [4, 37, 166, 66, 239, 108, 128], "Time_stamp": "13:15:05"}

/nfc/MPO:
2023-03-07 13:15:17
{"Status": "OUT", "UID": [4, 37, 166, 66, 239, 108, 128], "RESULT": "OK", "Time_stamp": "13:15:18"}

/nfc/MPO:
2023-03-07 13:16:10
{"Status": "IN", "UID": [4, 201, 220, 42, 45, 16, 144], "Time_stamp": "13:16:10"}

/nfc/MPO:
2023-03-07 13:16:22
{"Status": "OUT", "UID": [4, 201, 220, 42, 45, 16, 144], "RESULT": "OK", "Time_stamp": "13:16:23"}
